2017-02-02 15:00:23,500 INFO  [Logs] **************************************************************************************** 
2017-02-02 15:00:23,501 INFO  [Logs] **************************************************************************************** 
2017-02-02 15:00:23,501 INFO  [Logs] $$$$$$$$$$$$$$$$$$$$$                 Jabong_00_01       $$$$$$$$$$$$$$$$$$$$$$$$$ 
2017-02-02 15:00:23,501 INFO  [Logs] **************************************************************************************** 
2017-02-02 15:00:23,501 INFO  [Logs] **************************************************************************************** 
2017-02-02 15:00:25,380 INFO  [Logs] Excel sheet opened 
2017-02-02 15:00:47,857 INFO  [Logs] browser instatiate 
2017-02-02 15:00:52,804 INFO  [Logs] URL is getting lanched 
2017-02-02 15:01:40,819 INFO  [Logs] **************************************************************************************** 
2017-02-02 15:01:40,820 INFO  [Logs] **************************************************************************************** 
2017-02-02 15:01:40,820 INFO  [Logs] $$$$$$$$$$$$$$$$$$$$$                 Jabong_00_01       $$$$$$$$$$$$$$$$$$$$$$$$$ 
2017-02-02 15:01:40,820 INFO  [Logs] **************************************************************************************** 
2017-02-02 15:01:40,820 INFO  [Logs] **************************************************************************************** 
2017-02-02 15:01:41,536 INFO  [Logs] Excel sheet opened 
2017-02-02 15:01:53,164 INFO  [Logs] browser instatiate 
2017-02-02 15:01:57,520 INFO  [Logs] URL is getting lanched 
2017-02-02 15:01:57,572 INFO  [Logs] Username picked from Excel is santosh.rathodsantosh.rathod@gmail.com 
2017-02-02 15:01:57,572 INFO  [Logs] Password picked from Excel is indiragratho 
2017-02-02 15:02:05,574 INFO  [Logs] My Account link element found 
2017-02-02 15:02:13,110 INFO  [Logs] Username text box found 
2017-02-02 15:02:14,686 INFO  [Logs] Password text box found 
2017-02-02 15:02:15,194 INFO  [Logs] sign in button found 
2017-02-02 15:02:15,937 INFO  [Logs] Click action performed on Submit button 
2017-02-02 15:02:24,854 INFO  [Logs] Log Out link element found 
2017-02-02 15:02:25,005 INFO  [Logs] Click action is perfomred on Log Out link 
2017-02-02 15:02:26,974 INFO  [Logs] Browser closed 
2017-02-02 15:02:26,974 INFO  [Logs] XXXXXXXXXXXXXXXXXXXXXXX             -E---N---D-             XXXXXXXXXXXXXXXXXXXXXX 
2017-02-02 15:02:26,974 INFO  [Logs] X 
2017-02-02 15:02:26,974 INFO  [Logs] X 
2017-02-02 15:02:26,974 INFO  [Logs] X 
2017-02-02 15:02:26,974 INFO  [Logs] X 
2017-02-02 15:22:43,163 INFO  [Logs] **************************************************************************************** 
2017-02-02 15:22:43,164 INFO  [Logs] **************************************************************************************** 
2017-02-02 15:22:43,164 INFO  [Logs] $$$$$$$$$$$$$$$$$$$$$                 Jabong_00_01       $$$$$$$$$$$$$$$$$$$$$$$$$ 
2017-02-02 15:22:43,164 INFO  [Logs] **************************************************************************************** 
2017-02-02 15:22:43,164 INFO  [Logs] **************************************************************************************** 
2017-02-02 15:22:43,815 INFO  [Logs] Excel sheet opened 
2017-02-02 15:22:54,619 INFO  [Logs] browser instatiate 
2017-02-02 15:22:59,799 INFO  [Logs] URL is getting lanched 
2017-02-02 15:23:34,511 INFO  [Logs] Browser closed 
2017-02-02 15:23:34,511 INFO  [Logs] XXXXXXXXXXXXXXXXXXXXXXX             -E---N---D-             XXXXXXXXXXXXXXXXXXXXXX 
2017-02-02 15:23:34,511 INFO  [Logs] X 
2017-02-02 15:23:34,511 INFO  [Logs] X 
2017-02-02 15:23:34,511 INFO  [Logs] X 
2017-02-02 15:23:34,511 INFO  [Logs] X 
2017-02-02 15:25:23,397 INFO  [Logs] **************************************************************************************** 
2017-02-02 15:25:23,398 INFO  [Logs] **************************************************************************************** 
2017-02-02 15:25:23,398 INFO  [Logs] $$$$$$$$$$$$$$$$$$$$$                 Jabong_00_01       $$$$$$$$$$$$$$$$$$$$$$$$$ 
2017-02-02 15:25:23,398 INFO  [Logs] **************************************************************************************** 
2017-02-02 15:25:23,398 INFO  [Logs] **************************************************************************************** 
2017-02-02 15:25:24,040 INFO  [Logs] Excel sheet opened 
2017-02-02 15:25:35,625 INFO  [Logs] browser instatiate 
2017-02-02 15:25:39,264 INFO  [Logs] URL is getting lanched 
2017-02-02 15:25:51,456 INFO  [Logs] Browser closed 
2017-02-02 15:25:51,456 INFO  [Logs] XXXXXXXXXXXXXXXXXXXXXXX             -E---N---D-             XXXXXXXXXXXXXXXXXXXXXX 
2017-02-02 15:25:51,456 INFO  [Logs] X 
2017-02-02 15:25:51,456 INFO  [Logs] X 
2017-02-02 15:25:51,456 INFO  [Logs] X 
2017-02-02 15:25:51,456 INFO  [Logs] X 
2017-02-02 15:27:58,358 INFO  [Logs] **************************************************************************************** 
2017-02-02 15:27:58,359 INFO  [Logs] **************************************************************************************** 
2017-02-02 15:27:58,359 INFO  [Logs] $$$$$$$$$$$$$$$$$$$$$                 Jabong_00_01       $$$$$$$$$$$$$$$$$$$$$$$$$ 
2017-02-02 15:27:58,359 INFO  [Logs] **************************************************************************************** 
2017-02-02 15:27:58,359 INFO  [Logs] **************************************************************************************** 
2017-02-02 15:28:25,226 INFO  [Logs] **************************************************************************************** 
2017-02-02 15:28:25,227 INFO  [Logs] **************************************************************************************** 
2017-02-02 15:28:25,227 INFO  [Logs] $$$$$$$$$$$$$$$$$$$$$                 Jabong_00_01       $$$$$$$$$$$$$$$$$$$$$$$$$ 
2017-02-02 15:28:25,227 INFO  [Logs] **************************************************************************************** 
2017-02-02 15:28:25,227 INFO  [Logs] **************************************************************************************** 
2017-02-02 15:28:25,884 INFO  [Logs] Excel sheet opened 
2017-02-02 15:28:37,452 INFO  [Logs] browser instatiate 
2017-02-02 15:28:44,878 INFO  [Logs] URL is getting lanched 
2017-02-02 15:28:44,906 INFO  [Logs] Username picked from Excel is santosh.rathodsantosh.rathod@gmail.com 
2017-02-02 15:28:44,906 INFO  [Logs] Password picked from Excel is indiragratho 
2017-02-02 15:28:47,352 INFO  [Logs] My Account link element found 
2017-02-02 15:28:52,859 INFO  [Logs] Username text box found 
2017-02-02 15:28:54,126 INFO  [Logs] Password text box found 
2017-02-02 15:28:54,385 INFO  [Logs] sign in button found 
2017-02-02 15:28:55,212 INFO  [Logs] Click action performed on Submit button 
2017-02-02 15:29:03,935 INFO  [Logs] Log Out link element found 
2017-02-02 15:29:04,099 INFO  [Logs] Click action is perfomred on Log Out link 
2017-02-02 15:29:05,164 INFO  [Logs] Browser closed 
2017-02-02 15:29:05,165 INFO  [Logs] XXXXXXXXXXXXXXXXXXXXXXX             -E---N---D-             XXXXXXXXXXXXXXXXXXXXXX 
2017-02-02 15:29:05,165 INFO  [Logs] X 
2017-02-02 15:29:05,165 INFO  [Logs] X 
2017-02-02 15:29:05,165 INFO  [Logs] X 
2017-02-02 15:29:05,165 INFO  [Logs] X 
2017-02-05 14:17:29,538 INFO  [Logs] **************************************************************************************** 
2017-02-05 14:17:29,554 INFO  [Logs] **************************************************************************************** 
2017-02-05 14:17:29,554 INFO  [Logs] $$$$$$$$$$$$$$$$$$$$$                 Jabong_00_01       $$$$$$$$$$$$$$$$$$$$$$$$$ 
2017-02-05 14:17:29,554 INFO  [Logs] **************************************************************************************** 
2017-02-05 14:17:29,554 INFO  [Logs] **************************************************************************************** 
2017-02-05 14:17:31,301 INFO  [Logs] Excel sheet opened 
2017-02-05 14:18:43,354 INFO  [Logs] **************************************************************************************** 
2017-02-05 14:18:43,354 INFO  [Logs] **************************************************************************************** 
2017-02-05 14:18:43,354 INFO  [Logs] $$$$$$$$$$$$$$$$$$$$$                 Jabong_00_01       $$$$$$$$$$$$$$$$$$$$$$$$$ 
2017-02-05 14:18:43,354 INFO  [Logs] **************************************************************************************** 
2017-02-05 14:18:43,354 INFO  [Logs] **************************************************************************************** 
2017-02-05 14:18:43,994 INFO  [Logs] Excel sheet opened 
2017-02-05 14:18:54,634 INFO  [Logs] browser instatiate 
2017-02-05 14:19:03,261 INFO  [Logs] URL is getting lanched 
2017-02-05 14:19:03,401 INFO  [Logs] Username picked from Excel is santosh.rathodsantosh.rathod@gmail.com 
2017-02-05 14:19:03,401 INFO  [Logs] Password picked from Excel is indiragratho 
2017-02-05 14:19:04,743 INFO  [Logs] My Account link element found 
2017-02-05 14:19:11,435 INFO  [Logs] Username text box found 
2017-02-05 14:19:12,853 INFO  [Logs] Password text box found 
2017-02-05 14:19:13,375 INFO  [Logs] sign in button found 
2017-02-05 14:19:14,197 INFO  [Logs] Click action performed on Submit button 
2017-02-05 14:19:22,042 INFO  [Logs] Log Out link element found 
2017-02-05 14:19:22,185 INFO  [Logs] Click action is perfomred on Log Out link 
2017-02-05 14:19:24,119 INFO  [Logs] Browser closed 
2017-02-05 14:19:24,119 INFO  [Logs] XXXXXXXXXXXXXXXXXXXXXXX             -E---N---D-             XXXXXXXXXXXXXXXXXXXXXX 
2017-02-05 14:19:24,119 INFO  [Logs] X 
2017-02-05 14:19:24,119 INFO  [Logs] X 
2017-02-05 14:19:24,119 INFO  [Logs] X 
2017-02-05 14:19:24,119 INFO  [Logs] X 
2017-03-06 21:30:23,444 INFO  [Logs] **************************************************************************************** 
2017-03-06 21:30:23,473 INFO  [Logs] **************************************************************************************** 
2017-03-06 21:30:23,473 INFO  [Logs] $$$$$$$$$$$$$$$$$$$$$                 Jabong_00_01       $$$$$$$$$$$$$$$$$$$$$$$$$ 
2017-03-06 21:30:23,473 INFO  [Logs] **************************************************************************************** 
2017-03-06 21:30:23,474 INFO  [Logs] **************************************************************************************** 
2017-03-06 21:30:27,120 INFO  [Logs] Excel sheet opened 
2017-03-06 21:31:03,696 INFO  [Logs] browser instatiate 
2017-03-06 21:31:14,057 INFO  [Logs] URL is getting lanched 
2017-03-06 21:31:14,159 INFO  [Logs] Username picked from Excel is santosh.rathodsantosh.rathod@gmail.com 
2017-03-06 21:31:14,159 INFO  [Logs] Password picked from Excel is indiragratho 
2017-03-06 21:31:24,238 INFO  [Logs] My Account link element found 
2017-03-06 21:31:36,875 INFO  [Logs] Username text box found 
2017-03-06 21:31:38,990 INFO  [Logs] Password text box found 
2017-03-06 21:31:39,855 INFO  [Logs] sign in button found 
2017-03-06 21:31:41,920 INFO  [Logs] Click action performed on Submit button 
2017-03-06 21:32:07,218 INFO  [Logs] Log Out link element found 
2017-03-06 21:32:07,509 INFO  [Logs] Click action is perfomred on Log Out link 
2017-03-06 21:32:10,606 INFO  [Logs] Browser closed 
2017-03-06 21:32:10,606 INFO  [Logs] XXXXXXXXXXXXXXXXXXXXXXX             -E---N---D-             XXXXXXXXXXXXXXXXXXXXXX 
2017-03-06 21:32:10,606 INFO  [Logs] X 
2017-03-06 21:32:10,606 INFO  [Logs] X 
2017-03-06 21:32:10,607 INFO  [Logs] X 
2017-03-06 21:32:10,607 INFO  [Logs] X 
